#
# A fatal error has been detected by the Java Runtime Environment:
#
#  Internal Error (generateOopMap.cpp:2164), pid=49060, tid=17155
#  fatal error: Illegal class file encountered. Try running with -Xverify:all in method main
#
# JRE version: Java(TM) SE Runtime Environment (16.0.2+7) (build 16.0.2+7-67)
# Java VM: Java HotSpot(TM) 64-Bit Server VM (16.0.2+7-67, mixed mode, sharing, tiered, compressed oops, compressed class ptrs, g1 gc, bsd-amd64)
# No core dump will be written. Core dumps have been disabled. To enable core dumping, try "ulimit -c unlimited" before starting Java again
#
# If you would like to submit a bug report, please visit:
#   https://bugreport.java.com/bugreport/crash.jsp
#

---------------  S U M M A R Y ------------

Command Line: -XX:+ShowCodeDetailsInExceptionMessages -agentlib:jdwp=transport=dt_socket,suspend=y,address=localhost:57691 -javaagent:/Users/wioletginotra/eclipse/jee-2021-06/Eclipse.app/Contents/Eclipse/configuration/org.eclipse.osgi/406/0/.cp/lib/javaagent-shaded.jar -Dfile.encoding=UTF-8 --module-path=/Users/wioletginotra/eclipse-workspace/Assignments/bin -Djdk.module.main=Assignments Assignments/Arrays.OddNumbers

Host: MacBookPro14,1 x86_64 2300 MHz, 4 cores, 8G, Darwin 17.7.0, macOS 10.13.6 (17G14033)
Time: Tue Oct 12 23:56:27 2021 EDT elapsed time: 75131.903234 seconds (0d 20h 52m 11s)

---------------  T H R E A D  ---------------

Current thread (0x00007fcaa0f0b850):  VMThread "VM Thread" [stack: 0x000070000affa000,0x000070000b0fa000] [id=17155]

Stack: [0x000070000affa000,0x000070000b0fa000],  sp=0x000070000b0f7d50,  free space=1015k
Native frames: (J=compiled Java code, A=aot compiled Java code, j=interpreted, Vv=VM code, C=native code)
V  [libjvm.dylib+0xa7b0a5]  VMError::report_and_die(int, char const*, char const*, __va_list_tag*, Thread*, unsigned char*, void*, void*, char const*, int, unsigned long)+0x6d5
V  [libjvm.dylib+0xa7b65b]  VMError::report_and_die(Thread*, void*, char const*, int, char const*, char const*, __va_list_tag*)+0x3b
V  [libjvm.dylib+0x34f4e3]  report_fatal(char const*, int, char const*, ...)+0xb3
V  [libjvm.dylib+0x48afcf]  GenerateOopMap::error_work(char const*, __va_list_tag*)+0xef
V  [libjvm.dylib+0x482bd9]  GenerateOopMap::report_error(char const*, ...)+0x89
V  [libjvm.dylib+0x48623c]  GenerateOopMap::interp1(BytecodeStream*)+0x142c
V  [libjvm.dylib+0x484a9f]  GenerateOopMap::interp_bb(BasicBlock*)+0xdf
V  [libjvm.dylib+0x8843a8]  OopMapForCacheEntry::compute_map(Thread*)+0x98
V  [libjvm.dylib+0x88518f]  OopMapCacheEntry::fill(methodHandle const&, int)+0xcf
V  [libjvm.dylib+0x8863db]  OopMapCache::compute_one_oop_map(methodHandle const&, int, InterpreterOopMap*)+0x6b
V  [libjvm.dylib+0x833436]  Method::mask_for(int, InterpreterOopMap*)+0x96
V  [libjvm.dylib+0xa6d40d]  interpretedVFrame::stack_data(bool) const+0x4d
V  [libjvm.dylib+0x6daba3]  VM_GetOrSetLocal::doit()+0x173
V  [libjvm.dylib+0xa80c16]  VM_Operation::evaluate()+0xd6
V  [libjvm.dylib+0xa85ed6]  VMThread::evaluate_operation(VM_Operation*)+0x136
V  [libjvm.dylib+0xa866a4]  VMThread::inner_execute(VM_Operation*)+0x194
V  [libjvm.dylib+0xa85b3c]  VMThread::run()+0xbc
V  [libjvm.dylib+0xa01d11]  Thread::call_run()+0x71
V  [libjvm.dylib+0x890937]  thread_native_entry(Thread*)+0x157
C  [libsystem_pthread.dylib+0x3661]  _pthread_body+0x154
C  [libsystem_pthread.dylib+0x350d]  _pthread_body+0x0
C  [libsystem_pthread.dylib+0x2bf9]  thread_start+0xd

VM_Operation (0x000070000bb179e8): get/set locals, mode: safepoint, requested by thread 0x00007fcaa1017c00


---------------  P R O C E S S  ---------------

Threads class SMR info:
_java_thread_list=0x00007fcaa0c65e30, length=14, elements={
0x00007fcaa2801600, 0x00007fcaa204fc00, 0x00007fcaa1817600, 0x00007fcaa2814000,
0x00007fcaa2800600, 0x00007fcaa2800c00, 0x00007fcaa2816800, 0x00007fcaa2816e00,
0x00007fcaa2817400, 0x00007fcaa1009000, 0x00007fcaa1017c00, 0x00007fcaa1018200,
0x00007fcaa1018800, 0x00007fcaa101e400
}

Java Threads: ( => current thread )
  0x00007fcaa2801600 JavaThread "main" [_thread_blocked, id=6915, stack(0x0000000110008000,0x0000000110108000)]
  0x00007fcaa204fc00 JavaThread "Reference Handler" daemon [_thread_blocked, id=16643, stack(0x000070000b0fd000,0x000070000b1fd000)]
  0x00007fcaa1817600 JavaThread "Finalizer" daemon [_thread_blocked, id=15619, stack(0x000070000b200000,0x000070000b300000)]
  0x00007fcaa2814000 JavaThread "Signal Dispatcher" daemon [_thread_blocked, id=15887, stack(0x000070000b303000,0x000070000b403000)]
  0x00007fcaa2800600 JavaThread "Service Thread" daemon [_thread_blocked, id=42247, stack(0x000070000b406000,0x000070000b506000)]
  0x00007fcaa2800c00 JavaThread "Monitor Deflation Thread" daemon [_thread_blocked, id=41987, stack(0x000070000b509000,0x000070000b609000)]
  0x00007fcaa2816800 JavaThread "C2 CompilerThread0" daemon [_thread_blocked, id=41731, stack(0x000070000b60c000,0x000070000b70c000)]
  0x00007fcaa2816e00 JavaThread "C1 CompilerThread0" daemon [_thread_blocked, id=41475, stack(0x000070000b70f000,0x000070000b80f000)]
  0x00007fcaa2817400 JavaThread "Sweeper thread" daemon [_thread_blocked, id=41219, stack(0x000070000b812000,0x000070000b912000)]
  0x00007fcaa1009000 JavaThread "Common-Cleaner" daemon [_thread_blocked, id=24323, stack(0x000070000b915000,0x000070000ba15000)]
  0x00007fcaa1017c00 JavaThread "JDWP Transport Listener: dt_socket" daemon [_thread_blocked, id=24583, stack(0x000070000ba18000,0x000070000bb18000)]
  0x00007fcaa1018200 JavaThread "JDWP Event Helper Thread" daemon [_thread_blocked, id=24835, stack(0x000070000bb1b000,0x000070000bc1b000)]
  0x00007fcaa1018800 JavaThread "JDWP Command Reader" daemon [_thread_in_native, id=25347, stack(0x000070000bc1e000,0x000070000bd1e000)]
  0x00007fcaa101e400 JavaThread "Notification Thread" daemon [_thread_blocked, id=40195, stack(0x000070000bd21000,0x000070000be21000)]

Other Threads:
=>0x00007fcaa0f0b850 VMThread "VM Thread" [stack: 0x000070000affa000,0x000070000b0fa000] [id=17155]
  0x00007fcaa0e3cb40 WatcherThread [stack: 0x000070000be24000,0x000070000bf24000] [id=25603]
  0x00007fcaa0d05370 GCTaskThread "GC Thread#0" [stack: 0x000070000aaeb000,0x000070000abeb000] [id=19459]
  0x00007fcaa0f076f0 ConcurrentGCThread "G1 Main Marker" [stack: 0x000070000abee000,0x000070000acee000] [id=12803]
  0x00007fcaa0e083a0 ConcurrentGCThread "G1 Conc#0" [stack: 0x000070000acf1000,0x000070000adf1000] [id=13571]
  0x00007fcaa0e23bd0 ConcurrentGCThread "G1 Refine#0" [stack: 0x000070000adf4000,0x000070000aef4000] [id=18179]
  0x00007fcaa0d05f30 ConcurrentGCThread "G1 Service" [stack: 0x000070000aef7000,0x000070000aff7000] [id=17923]

Threads with active compile tasks:

VM state: at safepoint (normal execution)

VM Mutex/Monitor currently owned by a thread:  ([mutex/lock_event])
[0x00007fcaa0e04270] Threads_lock - owner thread: 0x00007fcaa0f0b850

Heap address: 0x0000000780000000, size: 2048 MB, Compressed Oops mode: Zero based, Oop shift amount: 3

CDS archive(s) mapped at: [0x0000000800000000-0x0000000800bbb000-0x0000000800bbb000), size 12300288, SharedBaseAddress: 0x0000000800000000, ArchiveRelocationMode: 0.
Compressed class space mapped at: 0x0000000800c00000-0x0000000840c00000, reserved size: 1073741824
Narrow klass base: 0x0000000800000000, Narrow klass shift: 3, Narrow klass range: 0x100000000

GC Precious Log:
 CPUs: 4 total, 4 available
 Memory: 8192M
 Large Page Support: Disabled
 NUMA Support: Disabled
 Compressed Oops: Enabled (Zero based)
 Heap Region Size: 1M
 Heap Min Capacity: 8M
 Heap Initial Capacity: 128M
 Heap Max Capacity: 2G
 Pre-touch: Disabled
 Parallel Workers: 4
 Concurrent Workers: 1
 Concurrent Refinement Workers: 4
 Periodic GC: Disabled

Heap:
 garbage-first heap   total 133120K, used 5064K [0x0000000780000000, 0x0000000800000000)
  region size 1024K, 5 young (5120K), 0 survivors (0K)
 Metaspace       used 2925K, committed 3008K, reserved 1056768K
  class space    used 274K, committed 320K, reserved 1048576K

Heap Regions: E=young(eden), S=young(survivor), O=old, HS=humongous(starts), HC=humongous(continues), CS=collection set, F=free, OA=open archive, CA=closed archive, TAMS=top-at-mark-start (previous, next)
|   0|0x0000000780000000, 0x0000000780000000, 0x0000000780100000|  0%| F|  |TAMS 0x0000000780000000, 0x0000000780000000| Untracked 
|   1|0x0000000780100000, 0x0000000780100000, 0x0000000780200000|  0%| F|  |TAMS 0x0000000780100000, 0x0000000780100000| Untracked 
|   2|0x0000000780200000, 0x0000000780200000, 0x0000000780300000|  0%| F|  |TAMS 0x0000000780200000, 0x0000000780200000| Untracked 
|   3|0x0000000780300000, 0x0000000780300000, 0x0000000780400000|  0%| F|  |TAMS 0x0000000780300000, 0x0000000780300000| Untracked 
|   4|0x0000000780400000, 0x0000000780400000, 0x0000000780500000|  0%| F|  |TAMS 0x0000000780400000, 0x0000000780400000| Untracked 
|   5|0x0000000780500000, 0x0000000780500000, 0x0000000780600000|  0%| F|  |TAMS 0x0000000780500000, 0x0000000780500000| Untracked 
|   6|0x0000000780600000, 0x0000000780600000, 0x0000000780700000|  0%| F|  |TAMS 0x0000000780600000, 0x0000000780600000| Untracked 
|   7|0x0000000780700000, 0x0000000780700000, 0x0000000780800000|  0%| F|  |TAMS 0x0000000780700000, 0x0000000780700000| Untracked 
|   8|0x0000000780800000, 0x0000000780800000, 0x0000000780900000|  0%| F|  |TAMS 0x0000000780800000, 0x0000000780800000| Untracked 
|   9|0x0000000780900000, 0x0000000780900000, 0x0000000780a00000|  0%| F|  |TAMS 0x0000000780900000, 0x0000000780900000| Untracked 
|  10|0x0000000780a00000, 0x0000000780a00000, 0x0000000780b00000|  0%| F|  |TAMS 0x0000000780a00000, 0x0000000780a00000| Untracked 
|  11|0x0000000780b00000, 0x0000000780b00000, 0x0000000780c00000|  0%| F|  |TAMS 0x0000000780b00000, 0x0000000780b00000| Untracked 
|  12|0x0000000780c00000, 0x0000000780c00000, 0x0000000780d00000|  0%| F|  |TAMS 0x0000000780c00000, 0x0000000780c00000| Untracked 
|  13|0x0000000780d00000, 0x0000000780d00000, 0x0000000780e00000|  0%| F|  |TAMS 0x0000000780d00000, 0x0000000780d00000| Untracked 
|  14|0x0000000780e00000, 0x0000000780e00000, 0x0000000780f00000|  0%| F|  |TAMS 0x0000000780e00000, 0x0000000780e00000| Untracked 
|  15|0x0000000780f00000, 0x0000000780f00000, 0x0000000781000000|  0%| F|  |TAMS 0x0000000780f00000, 0x0000000780f00000| Untracked 
|  16|0x0000000781000000, 0x0000000781000000, 0x0000000781100000|  0%| F|  |TAMS 0x0000000781000000, 0x0000000781000000| Untracked 
|  17|0x0000000781100000, 0x0000000781100000, 0x0000000781200000|  0%| F|  |TAMS 0x0000000781100000, 0x0000000781100000| Untracked 
|  18|0x0000000781200000, 0x0000000781200000, 0x0000000781300000|  0%| F|  |TAMS 0x0000000781200000, 0x0000000781200000| Untracked 
|  19|0x0000000781300000, 0x0000000781300000, 0x0000000781400000|  0%| F|  |TAMS 0x0000000781300000, 0x0000000781300000| Untracked 
|  20|0x0000000781400000, 0x0000000781400000, 0x0000000781500000|  0%| F|  |TAMS 0x0000000781400000, 0x0000000781400000| Untracked 
|  21|0x0000000781500000, 0x0000000781500000, 0x0000000781600000|  0%| F|  |TAMS 0x0000000781500000, 0x0000000781500000| Untracked 
|  22|0x0000000781600000, 0x0000000781600000, 0x0000000781700000|  0%| F|  |TAMS 0x0000000781600000, 0x0000000781600000| Untracked 
|  23|0x0000000781700000, 0x0000000781700000, 0x0000000781800000|  0%| F|  |TAMS 0x0000000781700000, 0x0000000781700000| Untracked 
|  24|0x0000000781800000, 0x0000000781800000, 0x0000000781900000|  0%| F|  |TAMS 0x0000000781800000, 0x0000000781800000| Untracked 
|  25|0x0000000781900000, 0x0000000781900000, 0x0000000781a00000|  0%| F|  |TAMS 0x0000000781900000, 0x0000000781900000| Untracked 
|  26|0x0000000781a00000, 0x0000000781a00000, 0x0000000781b00000|  0%| F|  |TAMS 0x0000000781a00000, 0x0000000781a00000| Untracked 
|  27|0x0000000781b00000, 0x0000000781b00000, 0x0000000781c00000|  0%| F|  |TAMS 0x0000000781b00000, 0x0000000781b00000| Untracked 
|  28|0x0000000781c00000, 0x0000000781c00000, 0x0000000781d00000|  0%| F|  |TAMS 0x0000000781c00000, 0x0000000781c00000| Untracked 
|  29|0x0000000781d00000, 0x0000000781d00000, 0x0000000781e00000|  0%| F|  |TAMS 0x0000000781d00000, 0x0000000781d00000| Untracked 
|  30|0x0000000781e00000, 0x0000000781e00000, 0x0000000781f00000|  0%| F|  |TAMS 0x0000000781e00000, 0x0000000781e00000| Untracked 
|  31|0x0000000781f00000, 0x0000000781f00000, 0x0000000782000000|  0%| F|  |TAMS 0x0000000781f00000, 0x0000000781f00000| Untracked 
|  32|0x0000000782000000, 0x0000000782000000, 0x0000000782100000|  0%| F|  |TAMS 0x0000000782000000, 0x0000000782000000| Untracked 
|  33|0x0000000782100000, 0x0000000782100000, 0x0000000782200000|  0%| F|  |TAMS 0x0000000782100000, 0x0000000782100000| Untracked 
|  34|0x0000000782200000, 0x0000000782200000, 0x0000000782300000|  0%| F|  |TAMS 0x0000000782200000, 0x0000000782200000| Untracked 
|  35|0x0000000782300000, 0x0000000782300000, 0x0000000782400000|  0%| F|  |TAMS 0x0000000782300000, 0x0000000782300000| Untracked 
|  36|0x0000000782400000, 0x0000000782400000, 0x0000000782500000|  0%| F|  |TAMS 0x0000000782400000, 0x0000000782400000| Untracked 
|  37|0x0000000782500000, 0x0000000782500000, 0x0000000782600000|  0%| F|  |TAMS 0x0000000782500000, 0x0000000782500000| Untracked 
|  38|0x0000000782600000, 0x0000000782600000, 0x0000000782700000|  0%| F|  |TAMS 0x0000000782600000, 0x0000000782600000| Untracked 
|  39|0x0000000782700000, 0x0000000782700000, 0x0000000782800000|  0%| F|  |TAMS 0x0000000782700000, 0x0000000782700000| Untracked 
|  40|0x0000000782800000, 0x0000000782800000, 0x0000000782900000|  0%| F|  |TAMS 0x0000000782800000, 0x0000000782800000| Untracked 
|  41|0x0000000782900000, 0x0000000782900000, 0x0000000782a00000|  0%| F|  |TAMS 0x0000000782900000, 0x0000000782900000| Untracked 
|  42|0x0000000782a00000, 0x0000000782a00000, 0x0000000782b00000|  0%| F|  |TAMS 0x0000000782a00000, 0x0000000782a00000| Untracked 
|  43|0x0000000782b00000, 0x0000000782b00000, 0x0000000782c00000|  0%| F|  |TAMS 0x0000000782b00000, 0x0000000782b00000| Untracked 
|  44|0x0000000782c00000, 0x0000000782c00000, 0x0000000782d00000|  0%| F|  |TAMS 0x0000000782c00000, 0x0000000782c00000| Untracked 
|  45|0x0000000782d00000, 0x0000000782d00000, 0x0000000782e00000|  0%| F|  |TAMS 0x0000000782d00000, 0x0000000782d00000| Untracked 
|  46|0x0000000782e00000, 0x0000000782e00000, 0x0000000782f00000|  0%| F|  |TAMS 0x0000000782e00000, 0x0000000782e00000| Untracked 
|  47|0x0000000782f00000, 0x0000000782f00000, 0x0000000783000000|  0%| F|  |TAMS 0x0000000782f00000, 0x0000000782f00000| Untracked 
|  48|0x0000000783000000, 0x0000000783000000, 0x0000000783100000|  0%| F|  |TAMS 0x0000000783000000, 0x0000000783000000| Untracked 
|  49|0x0000000783100000, 0x0000000783100000, 0x0000000783200000|  0%| F|  |TAMS 0x0000000783100000, 0x0000000783100000| Untracked 
|  50|0x0000000783200000, 0x0000000783200000, 0x0000000783300000|  0%| F|  |TAMS 0x0000000783200000, 0x0000000783200000| Untracked 
|  51|0x0000000783300000, 0x0000000783300000, 0x0000000783400000|  0%| F|  |TAMS 0x0000000783300000, 0x0000000783300000| Untracked 
|  52|0x0000000783400000, 0x0000000783400000, 0x0000000783500000|  0%| F|  |TAMS 0x0000000783400000, 0x0000000783400000| Untracked 
|  53|0x0000000783500000, 0x0000000783500000, 0x0000000783600000|  0%| F|  |TAMS 0x0000000783500000, 0x0000000783500000| Untracked 
|  54|0x0000000783600000, 0x0000000783600000, 0x0000000783700000|  0%| F|  |TAMS 0x0000000783600000, 0x0000000783600000| Untracked 
|  55|0x0000000783700000, 0x0000000783700000, 0x0000000783800000|  0%| F|  |TAMS 0x0000000783700000, 0x0000000783700000| Untracked 
|  56|0x0000000783800000, 0x0000000783800000, 0x0000000783900000|  0%| F|  |TAMS 0x0000000783800000, 0x0000000783800000| Untracked 
|  57|0x0000000783900000, 0x0000000783900000, 0x0000000783a00000|  0%| F|  |TAMS 0x0000000783900000, 0x0000000783900000| Untracked 
|  58|0x0000000783a00000, 0x0000000783a00000, 0x0000000783b00000|  0%| F|  |TAMS 0x0000000783a00000, 0x0000000783a00000| Untracked 
|  59|0x0000000783b00000, 0x0000000783b00000, 0x0000000783c00000|  0%| F|  |TAMS 0x0000000783b00000, 0x0000000783b00000| Untracked 
|  60|0x0000000783c00000, 0x0000000783c00000, 0x0000000783d00000|  0%| F|  |TAMS 0x0000000783c00000, 0x0000000783c00000| Untracked 
|  61|0x0000000783d00000, 0x0000000783d00000, 0x0000000783e00000|  0%| F|  |TAMS 0x0000000783d00000, 0x0000000783d00000| Untracked 
|  62|0x0000000783e00000, 0x0000000783e00000, 0x0000000783f00000|  0%| F|  |TAMS 0x0000000783e00000, 0x0000000783e00000| Untracked 
|  63|0x0000000783f00000, 0x0000000783f00000, 0x0000000784000000|  0%| F|  |TAMS 0x0000000783f00000, 0x0000000783f00000| Untracked 
|  64|0x0000000784000000, 0x0000000784000000, 0x0000000784100000|  0%| F|  |TAMS 0x0000000784000000, 0x0000000784000000| Untracked 
|  65|0x0000000784100000, 0x0000000784100000, 0x0000000784200000|  0%| F|  |TAMS 0x0000000784100000, 0x0000000784100000| Untracked 
|  66|0x0000000784200000, 0x0000000784200000, 0x0000000784300000|  0%| F|  |TAMS 0x0000000784200000, 0x0000000784200000| Untracked 
|  67|0x0000000784300000, 0x0000000784300000, 0x0000000784400000|  0%| F|  |TAMS 0x0000000784300000, 0x0000000784300000| Untracked 
|  68|0x0000000784400000, 0x0000000784400000, 0x0000000784500000|  0%| F|  |TAMS 0x0000000784400000, 0x0000000784400000| Untracked 
|  69|0x0000000784500000, 0x0000000784500000, 0x0000000784600000|  0%| F|  |TAMS 0x0000000784500000, 0x0000000784500000| Untracked 
|  70|0x0000000784600000, 0x0000000784600000, 0x0000000784700000|  0%| F|  |TAMS 0x0000000784600000, 0x0000000784600000| Untracked 
|  71|0x0000000784700000, 0x0000000784700000, 0x0000000784800000|  0%| F|  |TAMS 0x0000000784700000, 0x0000000784700000| Untracked 
|  72|0x0000000784800000, 0x0000000784800000, 0x0000000784900000|  0%| F|  |TAMS 0x0000000784800000, 0x0000000784800000| Untracked 
|  73|0x0000000784900000, 0x0000000784900000, 0x0000000784a00000|  0%| F|  |TAMS 0x0000000784900000, 0x0000000784900000| Untracked 
|  74|0x0000000784a00000, 0x0000000784a00000, 0x0000000784b00000|  0%| F|  |TAMS 0x0000000784a00000, 0x0000000784a00000| Untracked 
|  75|0x0000000784b00000, 0x0000000784b00000, 0x0000000784c00000|  0%| F|  |TAMS 0x0000000784b00000, 0x0000000784b00000| Untracked 
|  76|0x0000000784c00000, 0x0000000784c00000, 0x0000000784d00000|  0%| F|  |TAMS 0x0000000784c00000, 0x0000000784c00000| Untracked 
|  77|0x0000000784d00000, 0x0000000784d00000, 0x0000000784e00000|  0%| F|  |TAMS 0x0000000784d00000, 0x0000000784d00000| Untracked 
|  78|0x0000000784e00000, 0x0000000784e00000, 0x0000000784f00000|  0%| F|  |TAMS 0x0000000784e00000, 0x0000000784e00000| Untracked 
|  79|0x0000000784f00000, 0x0000000784f00000, 0x0000000785000000|  0%| F|  |TAMS 0x0000000784f00000, 0x0000000784f00000| Untracked 
|  80|0x0000000785000000, 0x0000000785000000, 0x0000000785100000|  0%| F|  |TAMS 0x0000000785000000, 0x0000000785000000| Untracked 
|  81|0x0000000785100000, 0x0000000785100000, 0x0000000785200000|  0%| F|  |TAMS 0x0000000785100000, 0x0000000785100000| Untracked 
|  82|0x0000000785200000, 0x0000000785200000, 0x0000000785300000|  0%| F|  |TAMS 0x0000000785200000, 0x0000000785200000| Untracked 
|  83|0x0000000785300000, 0x0000000785300000, 0x0000000785400000|  0%| F|  |TAMS 0x0000000785300000, 0x0000000785300000| Untracked 
|  84|0x0000000785400000, 0x0000000785400000, 0x0000000785500000|  0%| F|  |TAMS 0x0000000785400000, 0x0000000785400000| Untracked 
|  85|0x0000000785500000, 0x0000000785500000, 0x0000000785600000|  0%| F|  |TAMS 0x0000000785500000, 0x0000000785500000| Untracked 
|  86|0x0000000785600000, 0x0000000785600000, 0x0000000785700000|  0%| F|  |TAMS 0x0000000785600000, 0x0000000785600000| Untracked 
|  87|0x0000000785700000, 0x0000000785700000, 0x0000000785800000|  0%| F|  |TAMS 0x0000000785700000, 0x0000000785700000| Untracked 
|  88|0x0000000785800000, 0x0000000785800000, 0x0000000785900000|  0%| F|  |TAMS 0x0000000785800000, 0x0000000785800000| Untracked 
|  89|0x0000000785900000, 0x0000000785900000, 0x0000000785a00000|  0%| F|  |TAMS 0x0000000785900000, 0x0000000785900000| Untracked 
|  90|0x0000000785a00000, 0x0000000785a00000, 0x0000000785b00000|  0%| F|  |TAMS 0x0000000785a00000, 0x0000000785a00000| Untracked 
|  91|0x0000000785b00000, 0x0000000785b00000, 0x0000000785c00000|  0%| F|  |TAMS 0x0000000785b00000, 0x0000000785b00000| Untracked 
|  92|0x0000000785c00000, 0x0000000785c00000, 0x0000000785d00000|  0%| F|  |TAMS 0x0000000785c00000, 0x0000000785c00000| Untracked 
|  93|0x0000000785d00000, 0x0000000785d00000, 0x0000000785e00000|  0%| F|  |TAMS 0x0000000785d00000, 0x0000000785d00000| Untracked 
|  94|0x0000000785e00000, 0x0000000785e00000, 0x0000000785f00000|  0%| F|  |TAMS 0x0000000785e00000, 0x0000000785e00000| Untracked 
|  95|0x0000000785f00000, 0x0000000785f00000, 0x0000000786000000|  0%| F|  |TAMS 0x0000000785f00000, 0x0000000785f00000| Untracked 
|  96|0x0000000786000000, 0x0000000786000000, 0x0000000786100000|  0%| F|  |TAMS 0x0000000786000000, 0x0000000786000000| Untracked 
|  97|0x0000000786100000, 0x0000000786100000, 0x0000000786200000|  0%| F|  |TAMS 0x0000000786100000, 0x0000000786100000| Untracked 
|  98|0x0000000786200000, 0x0000000786200000, 0x0000000786300000|  0%| F|  |TAMS 0x0000000786200000, 0x0000000786200000| Untracked 
|  99|0x0000000786300000, 0x0000000786300000, 0x0000000786400000|  0%| F|  |TAMS 0x0000000786300000, 0x0000000786300000| Untracked 
| 100|0x0000000786400000, 0x0000000786400000, 0x0000000786500000|  0%| F|  |TAMS 0x0000000786400000, 0x0000000786400000| Untracked 
| 101|0x0000000786500000, 0x0000000786500000, 0x0000000786600000|  0%| F|  |TAMS 0x0000000786500000, 0x0000000786500000| Untracked 
| 102|0x0000000786600000, 0x0000000786600000, 0x0000000786700000|  0%| F|  |TAMS 0x0000000786600000, 0x0000000786600000| Untracked 
| 103|0x0000000786700000, 0x0000000786700000, 0x0000000786800000|  0%| F|  |TAMS 0x0000000786700000, 0x0000000786700000| Untracked 
| 104|0x0000000786800000, 0x0000000786800000, 0x0000000786900000|  0%| F|  |TAMS 0x0000000786800000, 0x0000000786800000| Untracked 
| 105|0x0000000786900000, 0x0000000786900000, 0x0000000786a00000|  0%| F|  |TAMS 0x0000000786900000, 0x0000000786900000| Untracked 
| 106|0x0000000786a00000, 0x0000000786a00000, 0x0000000786b00000|  0%| F|  |TAMS 0x0000000786a00000, 0x0000000786a00000| Untracked 
| 107|0x0000000786b00000, 0x0000000786b00000, 0x0000000786c00000|  0%| F|  |TAMS 0x0000000786b00000, 0x0000000786b00000| Untracked 
| 108|0x0000000786c00000, 0x0000000786c00000, 0x0000000786d00000|  0%| F|  |TAMS 0x0000000786c00000, 0x0000000786c00000| Untracked 
| 109|0x0000000786d00000, 0x0000000786d00000, 0x0000000786e00000|  0%| F|  |TAMS 0x0000000786d00000, 0x0000000786d00000| Untracked 
| 110|0x0000000786e00000, 0x0000000786e00000, 0x0000000786f00000|  0%| F|  |TAMS 0x0000000786e00000, 0x0000000786e00000| Untracked 
| 111|0x0000000786f00000, 0x0000000786f00000, 0x0000000787000000|  0%| F|  |TAMS 0x0000000786f00000, 0x0000000786f00000| Untracked 
| 112|0x0000000787000000, 0x0000000787000000, 0x0000000787100000|  0%| F|  |TAMS 0x0000000787000000, 0x0000000787000000| Untracked 
| 113|0x0000000787100000, 0x0000000787100000, 0x0000000787200000|  0%| F|  |TAMS 0x0000000787100000, 0x0000000787100000| Untracked 
| 114|0x0000000787200000, 0x0000000787200000, 0x0000000787300000|  0%| F|  |TAMS 0x0000000787200000, 0x0000000787200000| Untracked 
| 115|0x0000000787300000, 0x0000000787300000, 0x0000000787400000|  0%| F|  |TAMS 0x0000000787300000, 0x0000000787300000| Untracked 
| 116|0x0000000787400000, 0x0000000787400000, 0x0000000787500000|  0%| F|  |TAMS 0x0000000787400000, 0x0000000787400000| Untracked 
| 117|0x0000000787500000, 0x0000000787500000, 0x0000000787600000|  0%| F|  |TAMS 0x0000000787500000, 0x0000000787500000| Untracked 
| 118|0x0000000787600000, 0x0000000787600000, 0x0000000787700000|  0%| F|  |TAMS 0x0000000787600000, 0x0000000787600000| Untracked 
| 119|0x0000000787700000, 0x0000000787700000, 0x0000000787800000|  0%| F|  |TAMS 0x0000000787700000, 0x0000000787700000| Untracked 
| 120|0x0000000787800000, 0x0000000787800000, 0x0000000787900000|  0%| F|  |TAMS 0x0000000787800000, 0x0000000787800000| Untracked 
| 121|0x0000000787900000, 0x0000000787900000, 0x0000000787a00000|  0%| F|  |TAMS 0x0000000787900000, 0x0000000787900000| Untracked 
| 122|0x0000000787a00000, 0x0000000787a00000, 0x0000000787b00000|  0%| F|  |TAMS 0x0000000787a00000, 0x0000000787a00000| Untracked 
| 123|0x0000000787b00000, 0x0000000787b9ea28, 0x0000000787c00000| 61%| E|  |TAMS 0x0000000787b00000, 0x0000000787b00000| Complete 
| 124|0x0000000787c00000, 0x0000000787d00000, 0x0000000787d00000|100%| E|CS|TAMS 0x0000000787c00000, 0x0000000787c00000| Complete 
| 125|0x0000000787d00000, 0x0000000787e00000, 0x0000000787e00000|100%| E|CS|TAMS 0x0000000787d00000, 0x0000000787d00000| Complete 
| 126|0x0000000787e00000, 0x0000000787f00000, 0x0000000787f00000|100%| E|CS|TAMS 0x0000000787e00000, 0x0000000787e00000| Complete 
| 127|0x0000000787f00000, 0x0000000788000000, 0x0000000788000000|100%| E|CS|TAMS 0x0000000787f00000, 0x0000000787f00000| Complete 
|1022|0x00000007bfe00000, 0x00000007bfe75000, 0x00000007bff00000| 45%|OA|  |TAMS 0x00000007bfe00000, 0x00000007bfe00000| Untracked 
|1023|0x00000007bff00000, 0x00000007bff7d000, 0x00000007c0000000| 48%|CA|  |TAMS 0x00000007bff00000, 0x00000007bff00000| Untracked 

Card table byte_map: [0x000000012711b000,0x000000012751b000] _byte_map_base: 0x000000012351b000

Marking Bits (Prev, Next): (CMBitMap*) 0x00007fcaa2802210, (CMBitMap*) 0x00007fcaa2802250
 Prev Bits: [0x000000012791b000, 0x000000012991b000)
 Next Bits: [0x000000012991b000, 0x000000012b91b000)

Polling page: 0x000000010e569000

Metaspace:

Usage:
  Non-class:      2.59 MB used.
      Class:    274.48 KB used.
       Both:      2.86 MB used.

Virtual space:
  Non-class space:        8.00 MB reserved,       2.62 MB ( 33%) committed,  1 nodes.
      Class space:        1.00 GB reserved,     320.00 KB ( <1%) committed,  1 nodes.
              Both:        1.01 GB reserved,       2.94 MB ( <1%) committed. 

Chunk freelists:
   Non-Class:  3.75 MB
       Class:  3.72 MB
        Both:  7.47 MB

MaxMetaspaceSize: 17179869184.00 GB
CompressedClassSpaceSize: 1.00 GB
 - commit_granule_bytes: 65536.
 - commit_granule_words: 8192.
 - virtual_space_node_default_size: 1048576.
 - enlarge_chunks_in_place: 1.
 - new_chunks_are_fully_committed: 0.
 - uncommit_free_chunks: 1.
 - use_allocation_guard: 0.
 - handle_deallocations: 1.


Internal statistics:

num_allocs_failed_limit: 0.
num_arena_births: 14.
num_arena_deaths: 0.
num_vsnodes_births: 2.
num_vsnodes_deaths: 0.
num_space_committed: 47.
num_space_uncommitted: 0.
num_chunks_returned_to_freelist: 0.
num_chunks_taken_from_freelist: 34.
num_chunk_merges: 0.
num_chunk_splits: 20.
num_chunks_enlarged: 14.
num_purges: 0.

CodeHeap 'non-profiled nmethods': size=120032Kb used=118Kb max_used=118Kb free=119913Kb
 bounds [0x000000011f20d000, 0x000000011f47d000, 0x0000000126745000]
CodeHeap 'profiled nmethods': size=120028Kb used=515Kb max_used=515Kb free=119512Kb
 bounds [0x0000000117cd6000, 0x0000000117f46000, 0x000000011f20d000]
CodeHeap 'non-nmethods': size=5700Kb used=1194Kb max_used=1212Kb free=4505Kb
 bounds [0x0000000117745000, 0x00000001179b5000, 0x0000000117cd6000]
 total_blobs=811 nmethods=391 adapters=334
 compilation: enabled
              stopped_count=0, restarted_count=0
 full_count=0

Compilation events (20 events):
Event: 7226.167 Thread 0x00007fcaa2816e00  388       3       org.eclipse.jdt.launching.internal.org.objectweb.asm.SymbolTable$Entry::<init> (17 bytes)
Event: 7226.169 Thread 0x00007fcaa2816e00 

Event: 7263.016 Thread 0x00007fcaa2816e00  389       3       org.eclipse.jdt.launching.internal.org.objectweb.asm.SymbolTable::add (39 bytes)
Event: 7263.018 Thread 0x00007fcaa2816e00 

Event: 7362.715 Thread 0x00007fcaa2816e00  390       1       java.security.ProtectionDomain::getCodeSource (5 bytes)
Event: 7362.715 Thread 0x00007fcaa2816e00 nmethod 390 0x000000011f229c90 code [0x000000011f229e20, 0x000000011f229ef0]
Event: 7362.715 Thread 0x00007fcaa2816e00  391       3       org.eclipse.jdt.launching.internal.org.objectweb.asm.SymbolTable$Entry::<init> (17 bytes)
Event: 7362.717 Thread 0x00007fcaa2816e00 

Event: 7362.717 Thread 0x00007fcaa2816e00  392       3       org.eclipse.jdt.launching.internal.org.objectweb.asm.ByteVector::putShort (52 bytes)
Event: 7362.717 Thread 0x00007fcaa2816e00 nmethod 392 0x0000000117d54a90 code [0x0000000117d54c40, 0x0000000117d54e40]
Event: 7397.112 Thread 0x00007fcaa2816e00  393       3       org.eclipse.jdt.launching.internal.org.objectweb.asm.SymbolTable::add (39 bytes)
Event: 7397.115 Thread 0x00007fcaa2816e00 

Event: 7680.482 Thread 0x00007fcaa2816e00  396       3       java.lang.ref.ReferenceQueue::reallyPoll (65 bytes)
Event: 7680.482 Thread 0x00007fcaa2816e00 nmethod 396 0x0000000117d54f90 code [0x0000000117d55160, 0x0000000117d556b0]
Event: 15247.365 Thread 0x00007fcaa2816e00  398   !   3       java.lang.ref.ReferenceQueue::remove (125 bytes)
Event: 15247.372 Thread 0x00007fcaa2816e00 nmethod 398 0x0000000117d55790 code [0x0000000117d559c0, 0x0000000117d561f0]
Event: 15307.366 Thread 0x00007fcaa2816e00  399   !   3       jdk.internal.ref.PhantomCleanable::isListEmpty (34 bytes)
Event: 15307.367 Thread 0x00007fcaa2816e00 nmethod 399 0x0000000117d56590 code [0x0000000117d56740, 0x0000000117d56990]
Event: 15307.367 Thread 0x00007fcaa2816e00  400       3       jdk.internal.misc.InnocuousThread::eraseThreadLocals (23 bytes)
Event: 15307.369 Thread 0x00007fcaa2816e00 nmethod 400 0x0000000117d56b10 code [0x0000000117d56cc0, 0x0000000117d56eb0]

GC Heap History (0 events):
No events

Deoptimization events (20 events):
Event: 0.438 Thread 0x00007fcaa2801600 DEOPT PACKING pc=0x0000000117d3d8ee sp=0x0000000110103ab0
Event: 0.438 Thread 0x00007fcaa2801600 DEOPT UNPACKING pc=0x0000000117792bba sp=0x0000000110102f38 mode 0
Event: 0.438 Thread 0x00007fcaa2801600 DEOPT PACKING pc=0x0000000117d3d8ee sp=0x0000000110103ab0
Event: 0.438 Thread 0x00007fcaa2801600 DEOPT UNPACKING pc=0x0000000117792bba sp=0x0000000110102f38 mode 0
Event: 0.438 Thread 0x00007fcaa2801600 DEOPT PACKING pc=0x0000000117d3d8ee sp=0x0000000110103ab0
Event: 0.438 Thread 0x00007fcaa2801600 DEOPT UNPACKING pc=0x0000000117792bba sp=0x0000000110102f38 mode 0
Event: 0.441 Thread 0x00007fcaa2801600 DEOPT PACKING pc=0x0000000117d3d8ee sp=0x0000000110105120
Event: 0.441 Thread 0x00007fcaa2801600 DEOPT UNPACKING pc=0x0000000117792bba sp=0x00000001101045a8 mode 0
Event: 0.441 Thread 0x00007fcaa2801600 DEOPT PACKING pc=0x0000000117d3d8ee sp=0x0000000110105120
Event: 0.441 Thread 0x00007fcaa2801600 DEOPT UNPACKING pc=0x0000000117792bba sp=0x00000001101045a8 mode 0
Event: 0.441 Thread 0x00007fcaa2801600 DEOPT PACKING pc=0x0000000117d3d8ee sp=0x0000000110105120
Event: 0.441 Thread 0x00007fcaa2801600 DEOPT UNPACKING pc=0x0000000117792bba sp=0x00000001101045a8 mode 0
Event: 0.443 Thread 0x00007fcaa2801600 DEOPT PACKING pc=0x0000000117d3d8ee sp=0x0000000110103a30
Event: 0.443 Thread 0x00007fcaa2801600 DEOPT UNPACKING pc=0x0000000117792bba sp=0x0000000110102eb8 mode 0
Event: 0.452 Thread 0x00007fcaa2801600 DEOPT PACKING pc=0x0000000117d3d8ee sp=0x00000001101036b0
Event: 0.452 Thread 0x00007fcaa2801600 DEOPT UNPACKING pc=0x0000000117792bba sp=0x0000000110102b38 mode 0
Event: 0.452 Thread 0x00007fcaa2801600 DEOPT PACKING pc=0x0000000117d3d8ee sp=0x00000001101036b0
Event: 0.452 Thread 0x00007fcaa2801600 DEOPT UNPACKING pc=0x0000000117792bba sp=0x0000000110102b38 mode 0
Event: 0.452 Thread 0x00007fcaa2801600 DEOPT PACKING pc=0x0000000117d3d8ee sp=0x00000001101036b0
Event: 0.452 Thread 0x00007fcaa2801600 DEOPT UNPACKING pc=0x0000000117792bba sp=0x0000000110102b38 mode 0

Classes unloaded (0 events):
No events

Classes redefined (18 events):
Event: 18.792 Thread 0x00007fcaa0f0b850 redefined class name=Arrays.OddNumbers, count=1
Event: 2417.082 Thread 0x00007fcaa0f0b850 redefined class name=Arrays.OddNumbers, count=2
Event: 2495.786 Thread 0x00007fcaa0f0b850 redefined class name=Arrays.OddNumbers, count=3
Event: 2613.064 Thread 0x00007fcaa0f0b850 redefined class name=Arrays.OddNumbers, count=4
Event: 6330.614 Thread 0x00007fcaa0f0b850 redefined class name=Arrays.OddNumbers, count=5
Event: 6637.338 Thread 0x00007fcaa0f0b850 redefined class name=Arrays.OddNumbers, count=6
Event: 6702.160 Thread 0x00007fcaa0f0b850 redefined class name=Arrays.OddNumbers, count=7
Event: 6715.251 Thread 0x00007fcaa0f0b850 redefined class name=Arrays.OddNumbers, count=8
Event: 6989.658 Thread 0x00007fcaa0f0b850 redefined class name=Arrays.OddNumbers, count=9
Event: 7120.254 Thread 0x00007fcaa0f0b850 redefined class name=Arrays.OddNumbers, count=10
Event: 7226.168 Thread 0x00007fcaa0f0b850 redefined class name=Arrays.OddNumbers, count=11
Event: 7236.657 Thread 0x00007fcaa0f0b850 redefined class name=Arrays.OddNumbers, count=12
Event: 7263.017 Thread 0x00007fcaa0f0b850 redefined class name=Arrays.OddNumbers, count=13
Event: 7294.469 Thread 0x00007fcaa0f0b850 redefined class name=Arrays.OddNumbers, count=14
Event: 7362.715 Thread 0x00007fcaa0f0b850 redefined class name=Arrays.OddNumbers, count=15
Event: 7397.113 Thread 0x00007fcaa0f0b850 redefined class name=Arrays.OddNumbers, count=16
Event: 7418.390 Thread 0x00007fcaa0f0b850 redefined class name=Arrays.OddNumbers, count=17
Event: 8017.607 Thread 0x00007fcaa0f0b850 redefined class name=Arrays.OddNumbers, count=18

Internal exceptions (2 events):
Event: 0.066 Thread 0x00007fcaa2801600 Exception <a 'java/lang/NoSuchMethodError'{0x0000000787fe4bf8}: 'void java.lang.invoke.DirectMethodHandle$Holder.invokeVirtual(java.lang.Object, java.lang.Object)'> (0x0000000787fe4bf8) 
thrown [./open/src/hotspot/share/interpreter/linkResolver.cpp, line 790]
Event: 0.410 Thread 0x00007fcaa2801600 Exception <a 'java/lang/NoSuchMethodError'{0x0000000787c89020}: 'java.lang.Object java.lang.invoke.DirectMethodHandle$Holder.invokeStatic(java.lang.Object)'> (0x0000000787c89020) 
thrown [./open/src/hotspot/share/interpreter/linkResolver.cpp, line 790]

Events (20 events):
Event: 7397.119 Executing  VM operation: ChangeBreakpoints done
Event: 7397.119 Executing  VM operation: ChangeBreakpoints
Event: 7397.119 Executing  VM operation: ChangeBreakpoints done
Event: 7418.390 Executing  VM operation: RedefineClasses
Event: 7418.396 Executing  VM operation: RedefineClasses done
Event: 7418.401 Executing  VM operation: ChangeBreakpoints
Event: 7418.402 Executing  VM operation: ChangeBreakpoints done
Event: 7418.402 Executing  VM operation: ChangeBreakpoints
Event: 7418.402 Executing  VM operation: ChangeBreakpoints done
Event: 8017.589 Executing  VM operation: RedefineClasses
Event: 8017.619 Executing  VM operation: RedefineClasses done
Event: 8017.637 Executing  VM operation: ChangeBreakpoints
Event: 8017.637 Executing  VM operation: ChangeBreakpoints done
Event: 8017.637 Executing  VM operation: ChangeBreakpoints
Event: 8017.637 Executing  VM operation: ChangeBreakpoints done
Event: 37631.607 Executing  VM operation: ChangeBreakpoints
Event: 37631.608 Executing  VM operation: ChangeBreakpoints done
Event: 37631.608 Executing  VM operation: ChangeBreakpoints
Event: 37631.608 Executing  VM operation: ChangeBreakpoints done
Event: 75131.896 Executing  VM operation: get/set locals


Dynamic libraries:
0x00007fff5c0e5000 	/usr/lib/libz.1.dylib
0x000000010e52d000 	/Library/Java/JavaVirtualMachines/jdk-16.0.2.jdk/Contents/Home/lib/libjli.dylib
0x00007fff33b6b000 	/System/Library/Frameworks/Cocoa.framework/Versions/A/Cocoa
0x00007fff401a4000 	/System/Library/Frameworks/Security.framework/Versions/A/Security
0x00007fff327a9000 	/System/Library/Frameworks/ApplicationServices.framework/Versions/A/ApplicationServices
0x00007fff5a012000 	/usr/lib/libSystem.B.dylib
0x00007fff5c193000 	/usr/lib/system/libcache.dylib
0x00007fff5c198000 	/usr/lib/system/libcommonCrypto.dylib
0x00007fff5c1a3000 	/usr/lib/system/libcompiler_rt.dylib
0x00007fff5c1ab000 	/usr/lib/system/libcopyfile.dylib
0x00007fff5c1b5000 	/usr/lib/system/libcorecrypto.dylib
0x00007fff5c2c2000 	/usr/lib/system/libdispatch.dylib
0x00007fff5c2fc000 	/usr/lib/system/libdyld.dylib
0x00007fff5c31a000 	/usr/lib/system/libkeymgr.dylib
0x00007fff5c328000 	/usr/lib/system/liblaunch.dylib
0x00007fff5c329000 	/usr/lib/system/libmacho.dylib
0x00007fff5c32e000 	/usr/lib/system/libquarantine.dylib
0x00007fff5c331000 	/usr/lib/system/libremovefile.dylib
0x00007fff5c333000 	/usr/lib/system/libsystem_asl.dylib
0x00007fff5c34b000 	/usr/lib/system/libsystem_blocks.dylib
0x00007fff5c34c000 	/usr/lib/system/libsystem_c.dylib
0x00007fff5c3d6000 	/usr/lib/system/libsystem_configuration.dylib
0x00007fff5c3da000 	/usr/lib/system/libsystem_coreservices.dylib
0x00007fff5c3de000 	/usr/lib/system/libsystem_darwin.dylib
0x00007fff5c3e0000 	/usr/lib/system/libsystem_dnssd.dylib
0x00007fff5c3e7000 	/usr/lib/system/libsystem_info.dylib
0x00007fff5c458000 	/usr/lib/system/libsystem_m.dylib
0x00007fff5c4a4000 	/usr/lib/system/libsystem_malloc.dylib
0x00007fff5c4c4000 	/usr/lib/system/libsystem_network.dylib
0x00007fff5c5f5000 	/usr/lib/system/libsystem_networkextension.dylib
0x00007fff5c600000 	/usr/lib/system/libsystem_notify.dylib
0x00007fff5c61e000 	/usr/lib/system/libsystem_sandbox.dylib
0x00007fff5c622000 	/usr/lib/system/libsystem_secinit.dylib
0x00007fff5c431000 	/usr/lib/system/libsystem_kernel.dylib
0x00007fff5c60a000 	/usr/lib/system/libsystem_platform.dylib
0x00007fff5c612000 	/usr/lib/system/libsystem_pthread.dylib
0x00007fff5c624000 	/usr/lib/system/libsystem_symptoms.dylib
0x00007fff5c62c000 	/usr/lib/system/libsystem_trace.dylib
0x00007fff5c642000 	/usr/lib/system/libunwind.dylib
0x00007fff5c648000 	/usr/lib/system/libxpc.dylib
0x00007fff59ad8000 	/usr/lib/closure/libclosured.dylib
0x00007fff5b6cb000 	/usr/lib/libobjc.A.dylib
0x00007fff5a29f000 	/usr/lib/libc++abi.dylib
0x00007fff5a248000 	/usr/lib/libc++.1.dylib
0x00007fff3431e000 	/System/Library/Frameworks/CoreFoundation.framework/Versions/A/CoreFoundation
0x00007fff36482000 	/System/Library/Frameworks/Foundation.framework/Versions/C/Foundation
0x00007fff318f9000 	/System/Library/Frameworks/AppKit.framework/Versions/C/AppKit
0x00007fff33ee3000 	/System/Library/Frameworks/CoreData.framework/Versions/A/CoreData
0x00007fff538c5000 	/System/Library/PrivateFrameworks/RemoteViewServices.framework/Versions/A/RemoteViewServices
0x00007fff58043000 	/System/Library/PrivateFrameworks/UIFoundation.framework/Versions/A/UIFoundation
0x00007fff486bd000 	/System/Library/PrivateFrameworks/DFRFoundation.framework/Versions/A/DFRFoundation
0x00007fff38b03000 	/System/Library/Frameworks/Metal.framework/Versions/A/Metal
0x00007fff4885a000 	/System/Library/PrivateFrameworks/DesktopServicesPriv.framework/Versions/A/DesktopServicesPriv
0x00007fff5ac18000 	/usr/lib/libenergytrace.dylib
0x00007fff560ad000 	/System/Library/PrivateFrameworks/SkyLight.framework/Versions/A/SkyLight
0x00007fff347c3000 	/System/Library/Frameworks/CoreGraphics.framework/Versions/A/CoreGraphics
0x00007fff5a00d000 	/usr/lib/libScreenReader.dylib
0x00007fff30893000 	/System/Library/Frameworks/Accelerate.framework/Versions/A/Accelerate
0x00007fff36bfd000 	/System/Library/Frameworks/IOSurface.framework/Versions/A/IOSurface
0x00007fff32cf4000 	/System/Library/Frameworks/AudioToolbox.framework/Versions/A/AudioToolbox
0x00007fff32f84000 	/System/Library/Frameworks/AudioUnit.framework/Versions/A/AudioUnit
0x00007fff48755000 	/System/Library/PrivateFrameworks/DataDetectorsCore.framework/Versions/A/DataDetectorsCore
0x00007fff3365e000 	/System/Library/Frameworks/Carbon.framework/Versions/A/Frameworks/HIToolbox.framework/Versions/A/HIToolbox
0x00007fff5ad72000 	/usr/lib/libicucore.A.dylib
0x00007fff3f720000 	/System/Library/Frameworks/QuartzCore.framework/Versions/A/QuartzCore
0x00007fff5534e000 	/System/Library/PrivateFrameworks/SignpostNotification.framework/Versions/A/SignpostNotification
0x00007fff33a44000 	/System/Library/Frameworks/Carbon.framework/Versions/A/Frameworks/SpeechRecognition.framework/Versions/A/SpeechRecognition
0x00007fff5a16e000 	/usr/lib/libauto.dylib
0x00007fff5bfd4000 	/usr/lib/libxml2.2.dylib
0x00007fff4830d000 	/System/Library/PrivateFrameworks/CoreUI.framework/Versions/A/CoreUI
0x00007fff33dbf000 	/System/Library/Frameworks/CoreAudio.framework/Versions/A/CoreAudio
0x00007fff362bc000 	/System/Library/Frameworks/DiskArbitration.framework/Versions/A/DiskArbitration
0x00007fff5afe6000 	/usr/lib/liblangid.dylib
0x00007fff4fdc9000 	/System/Library/PrivateFrameworks/MultitouchSupport.framework/Versions/A/MultitouchSupport
0x00007fff36b60000 	/System/Library/Frameworks/IOKit.framework/Versions/A/IOKit
0x00007fff59c9c000 	/usr/lib/libDiagnosticMessagesClient.dylib
0x00007fff35499000 	/System/Library/Frameworks/CoreServices.framework/Versions/A/CoreServices
0x00007fff51901000 	/System/Library/PrivateFrameworks/PerformanceAnalysis.framework/Versions/A/PerformanceAnalysis
0x00007fff3e8bd000 	/System/Library/Frameworks/OpenGL.framework/Versions/A/OpenGL
0x00007fff33b79000 	/System/Library/Frameworks/ColorSync.framework/Versions/A/ColorSync
0x00007fff34dd5000 	/System/Library/Frameworks/CoreImage.framework/Versions/A/CoreImage
0x00007fff35e2a000 	/System/Library/Frameworks/CoreText.framework/Versions/A/CoreText
0x00007fff36c5b000 	/System/Library/Frameworks/ImageIO.framework/Versions/A/ImageIO
0x00007fff44fb7000 	/System/Library/PrivateFrameworks/Backup.framework/Versions/A/Backup
0x00007fff5a0be000 	/usr/lib/libarchive.2.dylib
0x00007fff332a7000 	/System/Library/Frameworks/CFNetwork.framework/Versions/A/CFNetwork
0x00007fff40937000 	/System/Library/Frameworks/SystemConfiguration.framework/Versions/A/SystemConfiguration
0x00007fff59bc5000 	/usr/lib/libCRFSuite.dylib
0x00007fff5a229000 	/usr/lib/libbsm.0.dylib
0x00007fff5c31b000 	/usr/lib/system/libkxld.dylib
0x00007fff59ed6000 	/usr/lib/libOpenScriptingUtil.dylib
0x00007fff5a598000 	/usr/lib/libcoretls.dylib
0x00007fff5a5b1000 	/usr/lib/libcoretls_cfhelpers.dylib
0x00007fff5bacc000 	/usr/lib/libpam.2.dylib
0x00007fff5bbf7000 	/usr/lib/libsqlite3.dylib
0x00007fff5bfc3000 	/usr/lib/libxar.1.dylib
0x00007fff5a23a000 	/usr/lib/libbz2.1.0.dylib
0x00007fff5afe8000 	/usr/lib/liblzma.5.dylib
0x00007fff5b4c9000 	/usr/lib/libnetwork.dylib
0x00007fff5a0a7000 	/usr/lib/libapple_nghttp2.dylib
0x00007fff5bad3000 	/usr/lib/libpcap.A.dylib
0x00007fff5a16f000 	/usr/lib/libboringssl.dylib
0x00007fff5bf5e000 	/usr/lib/libusrtcp.dylib
0x00007fff5a0a6000 	/usr/lib/libapple_crypto.dylib
0x00007fff3581c000 	/System/Library/Frameworks/CoreServices.framework/Versions/A/Frameworks/FSEvents.framework/Versions/A/FSEvents
0x00007fff3550f000 	/System/Library/Frameworks/CoreServices.framework/Versions/A/Frameworks/CarbonCore.framework/Versions/A/CarbonCore
0x00007fff359e4000 	/System/Library/Frameworks/CoreServices.framework/Versions/A/Frameworks/Metadata.framework/Versions/A/Metadata
0x00007fff35a95000 	/System/Library/Frameworks/CoreServices.framework/Versions/A/Frameworks/OSServices.framework/Versions/A/OSServices
0x00007fff35af6000 	/System/Library/Frameworks/CoreServices.framework/Versions/A/Frameworks/SearchKit.framework/Versions/A/SearchKit
0x00007fff3549a000 	/System/Library/Frameworks/CoreServices.framework/Versions/A/Frameworks/AE.framework/Versions/A/AE
0x00007fff35825000 	/System/Library/Frameworks/CoreServices.framework/Versions/A/Frameworks/LaunchServices.framework/Versions/A/LaunchServices
0x00007fff357e7000 	/System/Library/Frameworks/CoreServices.framework/Versions/A/Frameworks/DictionaryServices.framework/Versions/A/DictionaryServices
0x00007fff35b65000 	/System/Library/Frameworks/CoreServices.framework/Versions/A/Frameworks/SharedFileList.framework/Versions/A/SharedFileList
0x00007fff39d39000 	/System/Library/Frameworks/NetFS.framework/Versions/A/NetFS
0x00007fff5005a000 	/System/Library/PrivateFrameworks/NetAuth.framework/Versions/A/NetAuth
0x00007fff5996f000 	/System/Library/PrivateFrameworks/login.framework/Versions/A/Frameworks/loginsupport.framework/Versions/A/loginsupport
0x00007fff57cc0000 	/System/Library/PrivateFrameworks/TCC.framework/Versions/A/TCC
0x00007fff5b0c9000 	/usr/lib/libmecabra.dylib
0x00007fff327aa000 	/System/Library/Frameworks/ApplicationServices.framework/Versions/A/Frameworks/ATS.framework/Versions/A/ATS
0x00007fff32b59000 	/System/Library/Frameworks/ApplicationServices.framework/Versions/A/Frameworks/ColorSyncLegacy.framework/Versions/A/ColorSyncLegacy
0x00007fff32bfd000 	/System/Library/Frameworks/ApplicationServices.framework/Versions/A/Frameworks/HIServices.framework/Versions/A/HIServices
0x00007fff32c50000 	/System/Library/Frameworks/ApplicationServices.framework/Versions/A/Frameworks/LangAnalysis.framework/Versions/A/LangAnalysis
0x00007fff32c5f000 	/System/Library/Frameworks/ApplicationServices.framework/Versions/A/Frameworks/PrintCore.framework/Versions/A/PrintCore
0x00007fff32cac000 	/System/Library/Frameworks/ApplicationServices.framework/Versions/A/Frameworks/QD.framework/Versions/A/QD
0x00007fff32ce7000 	/System/Library/Frameworks/ApplicationServices.framework/Versions/A/Frameworks/SpeechSynthesis.framework/Versions/A/SpeechSynthesis
0x00007fff3423a000 	/System/Library/Frameworks/CoreDisplay.framework/Versions/A/CoreDisplay
0x00007fff308ab000 	/System/Library/Frameworks/Accelerate.framework/Versions/A/Frameworks/vImage.framework/Versions/A/vImage
0x00007fff31605000 	/System/Library/Frameworks/Accelerate.framework/Versions/A/Frameworks/vecLib.framework/Versions/A/vecLib
0x00007fff313a5000 	/System/Library/Frameworks/Accelerate.framework/Versions/A/Frameworks/vecLib.framework/Versions/A/libvDSP.dylib
0x00007fff30f05000 	/System/Library/Frameworks/Accelerate.framework/Versions/A/Frameworks/vecLib.framework/Versions/A/libBNNS.dylib
0x00007fff3130a000 	/System/Library/Frameworks/Accelerate.framework/Versions/A/Frameworks/vecLib.framework/Versions/A/libQuadrature.dylib
0x00007fff31553000 	/System/Library/Frameworks/Accelerate.framework/Versions/A/Frameworks/vecLib.framework/Versions/A/libvMisc.dylib
0x00007fff30f34000 	/System/Library/Frameworks/Accelerate.framework/Versions/A/Frameworks/vecLib.framework/Versions/A/libLAPACK.dylib
0x00007fff30daa000 	/System/Library/Frameworks/Accelerate.framework/Versions/A/Frameworks/vecLib.framework/Versions/A/libBLAS.dylib
0x00007fff312f4000 	/System/Library/Frameworks/Accelerate.framework/Versions/A/Frameworks/vecLib.framework/Versions/A/libLinearAlgebra.dylib
0x00007fff31310000 	/System/Library/Frameworks/Accelerate.framework/Versions/A/Frameworks/vecLib.framework/Versions/A/libSparse.dylib
0x00007fff31391000 	/System/Library/Frameworks/Accelerate.framework/Versions/A/Frameworks/vecLib.framework/Versions/A/libSparseBLAS.dylib
0x00007fff4ce94000 	/System/Library/PrivateFrameworks/GPUWrangler.framework/Versions/A/GPUWrangler
0x00007fff4e628000 	/System/Library/PrivateFrameworks/IOAccelerator.framework/Versions/A/IOAccelerator
0x00007fff4e633000 	/System/Library/PrivateFrameworks/IOPresentment.framework/Versions/A/IOPresentment
0x00007fff486cf000 	/System/Library/PrivateFrameworks/DSExternalDisplay.framework/Versions/A/DSExternalDisplay
0x00007fff3dd3c000 	/System/Library/Frameworks/OpenGL.framework/Versions/A/Libraries/libCoreFSCache.dylib
0x00007fff35f7b000 	/System/Library/Frameworks/CoreVideo.framework/Versions/A/CoreVideo
0x00007fff4dc0f000 	/System/Library/PrivateFrameworks/GraphVisualizer.framework/Versions/A/GraphVisualizer
0x00007fff38d3a000 	/System/Library/Frameworks/MetalPerformanceShaders.framework/Versions/A/MetalPerformanceShaders
0x00007fff59cd4000 	/usr/lib/libFosl_dynamic.dylib
0x00007fff4979e000 	/System/Library/PrivateFrameworks/FaceCore.framework/Versions/A/FaceCore
0x00007fff3cb37000 	/System/Library/Frameworks/OpenCL.framework/Versions/A/OpenCL
0x00007fff5a2d6000 	/usr/lib/libcompression.dylib
0x00007fff328a9000 	/System/Library/Frameworks/ApplicationServices.framework/Versions/A/Frameworks/ATS.framework/Versions/A/Resources/libFontParser.dylib
0x00007fff329cc000 	/System/Library/Frameworks/ApplicationServices.framework/Versions/A/Frameworks/ATS.framework/Versions/A/Resources/libFontRegistry.dylib
0x00007fff36ec4000 	/System/Library/Frameworks/ImageIO.framework/Versions/A/Resources/libJPEG.dylib
0x00007fff37200000 	/System/Library/Frameworks/ImageIO.framework/Versions/A/Resources/libTIFF.dylib
0x00007fff371d6000 	/System/Library/Frameworks/ImageIO.framework/Versions/A/Resources/libPng.dylib
0x00007fff36dd7000 	/System/Library/Frameworks/ImageIO.framework/Versions/A/Resources/libGIF.dylib
0x00007fff36ddc000 	/System/Library/Frameworks/ImageIO.framework/Versions/A/Resources/libJP2.dylib
0x00007fff371fd000 	/System/Library/Frameworks/ImageIO.framework/Versions/A/Resources/libRadiance.dylib
0x00007fff446e1000 	/System/Library/PrivateFrameworks/AppleJPEG.framework/Versions/A/AppleJPEG
0x00007fff38ba1000 	/System/Library/Frameworks/MetalPerformanceShaders.framework/Frameworks/MPSCore.framework/Versions/A/MPSCore
0x00007fff38bbd000 	/System/Library/Frameworks/MetalPerformanceShaders.framework/Frameworks/MPSImage.framework/Versions/A/MPSImage
0x00007fff38c52000 	/System/Library/Frameworks/MetalPerformanceShaders.framework/Frameworks/MPSNeuralNetwork.framework/Versions/A/MPSNeuralNetwork
0x00007fff38c2d000 	/System/Library/Frameworks/MetalPerformanceShaders.framework/Frameworks/MPSMatrix.framework/Versions/A/MPSMatrix
0x00007fff4fb2b000 	/System/Library/PrivateFrameworks/MetalTools.framework/Versions/A/MetalTools
0x00007fff3df07000 	/System/Library/Frameworks/OpenGL.framework/Versions/A/Libraries/libGLU.dylib
0x00007fff3dd47000 	/System/Library/Frameworks/OpenGL.framework/Versions/A/Libraries/libGFXShared.dylib
0x00007fff3dd51000 	/System/Library/Frameworks/OpenGL.framework/Versions/A/Libraries/libGL.dylib
0x00007fff3dd5d000 	/System/Library/Frameworks/OpenGL.framework/Versions/A/Libraries/libGLImage.dylib
0x00007fff3dd39000 	/System/Library/Frameworks/OpenGL.framework/Versions/A/Libraries/libCVMSPluginSupport.dylib
0x00007fff3dd42000 	/System/Library/Frameworks/OpenGL.framework/Versions/A/Libraries/libCoreVMClient.dylib
0x00007fff5aa83000 	/usr/lib/libcups.2.dylib
0x00007fff38108000 	/System/Library/Frameworks/Kerberos.framework/Versions/A/Kerberos
0x00007fff368ba000 	/System/Library/Frameworks/GSS.framework/Versions/A/GSS
0x00007fff5bb8a000 	/usr/lib/libresolv.9.dylib
0x00007fff5ac80000 	/usr/lib/libiconv.2.dylib
0x00007fff4dca1000 	/System/Library/PrivateFrameworks/Heimdal.framework/Versions/A/Heimdal
0x00007fff5ac4f000 	/usr/lib/libheimdal-asn1.dylib
0x00007fff3cbaf000 	/System/Library/Frameworks/OpenDirectory.framework/Versions/A/OpenDirectory
0x00007fff469fa000 	/System/Library/PrivateFrameworks/CommonAuth.framework/Versions/A/CommonAuth
0x00007fff3cb92000 	/System/Library/Frameworks/OpenDirectory.framework/Versions/A/Frameworks/CFOpenDirectory.framework/Versions/A/CFOpenDirectory
0x00007fff404d0000 	/System/Library/Frameworks/SecurityFoundation.framework/Versions/A/SecurityFoundation
0x00007fff438a4000 	/System/Library/PrivateFrameworks/APFS.framework/Versions/A/APFS
0x00007fff5bfbf000 	/usr/lib/libutil.dylib
0x00007fff44764000 	/System/Library/PrivateFrameworks/AppleSauce.framework/Versions/A/AppleSauce
0x00007fff4ee10000 	/System/Library/PrivateFrameworks/LinguisticData.framework/Versions/A/LinguisticData
0x00007fff5b002000 	/usr/lib/libmarisa.dylib
0x00007fff4edca000 	/System/Library/PrivateFrameworks/Lexicon.framework/Versions/A/Lexicon
0x00007fff59bff000 	/usr/lib/libChineseTokenizer.dylib
0x00007fff5a2c5000 	/usr/lib/libcmph.dylib
0x00007fff4ecd4000 	/System/Library/PrivateFrameworks/LanguageModeling.framework/Versions/A/LanguageModeling
0x00007fff47517000 	/System/Library/PrivateFrameworks/CoreEmoji.framework/Versions/A/CoreEmoji
0x00007fff4058e000 	/System/Library/Frameworks/ServiceManagement.framework/Versions/A/ServiceManagement
0x00007fff44faf000 	/System/Library/PrivateFrameworks/BackgroundTaskManagement.framework/Versions/A/BackgroundTaskManagement
0x00007fff5c0bc000 	/usr/lib/libxslt.1.dylib
0x00007fff3396e000 	/System/Library/Frameworks/Carbon.framework/Versions/A/Frameworks/Ink.framework/Versions/A/Ink
0x00007fff57ed5000 	/System/Library/PrivateFrameworks/TextureIO.framework/Versions/A/TextureIO
0x00007fff5a0e9000 	/usr/lib/libate.dylib
0x00007fff4862e000 	/System/Library/PrivateFrameworks/CrashReporterSupport.framework/Versions/A/CrashReporterSupport
0x00007fff5520e000 	/System/Library/PrivateFrameworks/Sharing.framework/Versions/A/Sharing
0x00007fff4ea15000 	/System/Library/PrivateFrameworks/IconServices.framework/Versions/A/IconServices
0x00007fff44bdf000 	/System/Library/PrivateFrameworks/AuthKit.framework/Versions/A/AuthKit
0x00007fff44564000 	/System/Library/PrivateFrameworks/Apple80211.framework/Versions/A/Apple80211
0x00007fff48443000 	/System/Library/PrivateFrameworks/CoreUtils.framework/Versions/A/CoreUtils
0x00007fff35fb6000 	/System/Library/Frameworks/CoreWLAN.framework/Versions/A/CoreWLAN
0x00007fff369fc000 	/System/Library/Frameworks/IOBluetooth.framework/Versions/A/IOBluetooth
0x00007fff536d0000 	/System/Library/PrivateFrameworks/ProtocolBuffer.framework/Versions/A/ProtocolBuffer
0x00007fff4fd24000 	/System/Library/PrivateFrameworks/MobileKeyBag.framework/Versions/A/MobileKeyBag
0x00007fff47cbb000 	/System/Library/PrivateFrameworks/CorePhoneNumbers.framework/Versions/A/CorePhoneNumbers
0x00007fff4469c000 	/System/Library/PrivateFrameworks/AppleIDAuthSupport.framework/Versions/A/AppleIDAuthSupport
0x00007fff4ecc0000 	/System/Library/PrivateFrameworks/KeychainCircle.framework/Versions/A/KeychainCircle
0x00007fff485c9000 	/System/Library/PrivateFrameworks/CoreWiFi.framework/Versions/A/CoreWiFi
0x00007fff33eb9000 	/System/Library/Frameworks/CoreBluetooth.framework/Versions/A/CoreBluetooth
0x00007fff48819000 	/System/Library/PrivateFrameworks/DebugSymbols.framework/Versions/A/DebugSymbols
0x00007fff481f9000 	/System/Library/PrivateFrameworks/CoreSymbolication.framework/Versions/A/CoreSymbolication
0x00007fff576c6000 	/System/Library/PrivateFrameworks/Symbolication.framework/Versions/A/Symbolication
0x00007fff4458e000 	/System/Library/PrivateFrameworks/AppleFSCompression.framework/Versions/A/AppleFSCompression
0x00007fff56b13000 	/System/Library/PrivateFrameworks/SpeechRecognitionCore.framework/Versions/A/SpeechRecognitionCore
0x000000010ee00000 	/Library/Java/JavaVirtualMachines/jdk-16.0.2.jdk/Contents/Home/lib/server/libjvm.dylib
0x000000010e55d000 	/Library/Java/JavaVirtualMachines/jdk-16.0.2.jdk/Contents/Home/lib/libjimage.dylib
0x000000010e56b000 	/Library/Java/JavaVirtualMachines/jdk-16.0.2.jdk/Contents/Home/lib/libjdwp.dylib
0x000000010e5ad000 	/Library/Java/JavaVirtualMachines/jdk-16.0.2.jdk/Contents/Home/lib/./libjava.dylib
0x000000010e5d8000 	/Library/Java/JavaVirtualMachines/jdk-16.0.2.jdk/Contents/Home/lib/libinstrument.dylib
0x000000012ddfe000 	/Library/Java/JavaVirtualMachines/jdk-16.0.2.jdk/Contents/Home/lib/libnio.dylib
0x000000012de12000 	/Library/Java/JavaVirtualMachines/jdk-16.0.2.jdk/Contents/Home/lib/./libnet.dylib
0x000000012de74000 	/Library/Java/JavaVirtualMachines/jdk-16.0.2.jdk/Contents/Home/lib/libdt_socket.dylib
0x000000012de80000 	/Library/Java/JavaVirtualMachines/jdk-16.0.2.jdk/Contents/Home/lib/libzip.dylib
0x000000012dec0000 	/Library/Java/JavaVirtualMachines/jdk-16.0.2.jdk/Contents/Home/lib/libverify.dylib


VM Arguments:
jvm_args: -XX:+ShowCodeDetailsInExceptionMessages -agentlib:jdwp=transport=dt_socket,suspend=y,address=localhost:57691 -javaagent:/Users/wioletginotra/eclipse/jee-2021-06/Eclipse.app/Contents/Eclipse/configuration/org.eclipse.osgi/406/0/.cp/lib/javaagent-shaded.jar -Dfile.encoding=UTF-8 --module-path=/Users/wioletginotra/eclipse-workspace/Assignments/bin -Djdk.module.main=Assignments 
java_command: Assignments/Arrays.OddNumbers
java_class_path (initial): <not set>
Launcher Type: SUN_STANDARD

[Global flags]
     intx CICompilerCount                          = 3                                         {product} {ergonomic}
     uint ConcGCThreads                            = 1                                         {product} {ergonomic}
     uint G1ConcRefinementThreads                  = 4                                         {product} {ergonomic}
   size_t G1HeapRegionSize                         = 1048576                                   {product} {ergonomic}
    uintx GCDrainStackTargetSize                   = 64                                        {product} {ergonomic}
   size_t InitialHeapSize                          = 134217728                                 {product} {ergonomic}
   size_t MarkStackSize                            = 4194304                                   {product} {ergonomic}
   size_t MaxHeapSize                              = 2147483648                                {product} {ergonomic}
   size_t MaxNewSize                               = 1287651328                                {product} {ergonomic}
   size_t MinHeapDeltaBytes                        = 1048576                                   {product} {ergonomic}
   size_t MinHeapSize                              = 8388608                                   {product} {ergonomic}
    uintx NonNMethodCodeHeapSize                   = 5832780                                {pd product} {ergonomic}
    uintx NonProfiledCodeHeapSize                  = 122912730                              {pd product} {ergonomic}
    uintx ProfiledCodeHeapSize                     = 122912730                              {pd product} {ergonomic}
    uintx ReservedCodeCacheSize                    = 251658240                              {pd product} {ergonomic}
     bool SegmentedCodeCache                       = true                                      {product} {ergonomic}
     bool ShowCodeDetailsInExceptionMessages       = true                                   {manageable} {command line}
   size_t SoftMaxHeapSize                          = 2147483648                             {manageable} {ergonomic}
     bool UseCompressedClassPointers               = true                           {product lp64_product} {ergonomic}
     bool UseCompressedOops                        = true                           {product lp64_product} {ergonomic}
     bool UseG1GC                                  = true                                      {product} {ergonomic}
     bool UseNUMA                                  = false                                     {product} {ergonomic}
     bool UseNUMAInterleaving                      = false                                     {product} {ergonomic}

Logging:
Log output configuration:
 #0: stdout all=warning uptime,level,tags
 #1: stderr all=off uptime,level,tags

Environment Variables:
PATH=/usr/bin:/bin:/usr/sbin:/sbin
SHELL=/bin/bash

Signal Handlers:
SIGSEGV: [libjvm.dylib+0xa7bdc0], sa_mask[0]=11100110000111110111111111111111, sa_flags=SA_ONSTACK|SA_RESTART|SA_SIGINFO
SIGBUS: [libjvm.dylib+0xa7bdc0], sa_mask[0]=11100110000111110111111111111111, sa_flags=SA_RESTART|SA_SIGINFO
SIGFPE: [libjvm.dylib+0xa7bdc0], sa_mask[0]=11100110000111110111111111111111, sa_flags=SA_RESTART|SA_SIGINFO
SIGPIPE: [libjvm.dylib+0x945be0], sa_mask[0]=11100110000111110111111111111111, sa_flags=SA_RESTART|SA_SIGINFO
SIGXFSZ: [libjvm.dylib+0x945be0], sa_mask[0]=11100110000111110111111111111111, sa_flags=SA_RESTART|SA_SIGINFO
SIGILL: [libjvm.dylib+0xa7bdc0], sa_mask[0]=11100110000111110111111111111111, sa_flags=SA_RESTART|SA_SIGINFO
SIGUSR2: [libjvm.dylib+0x946690], sa_mask[0]=00100000000000000000000000000000, sa_flags=SA_RESTART|SA_SIGINFO
SIGHUP: [libjvm.dylib+0x944c50], sa_mask[0]=11100110000111110111111111111111, sa_flags=SA_RESTART|SA_SIGINFO
SIGINT: [libjvm.dylib+0x944c50], sa_mask[0]=11100110000111110111111111111111, sa_flags=SA_RESTART|SA_SIGINFO
SIGTERM: [libjvm.dylib+0x944c50], sa_mask[0]=11100110000111110111111111111111, sa_flags=SA_RESTART|SA_SIGINFO
SIGQUIT: [libjvm.dylib+0x944c50], sa_mask[0]=11100110000111110111111111111111, sa_flags=SA_RESTART|SA_SIGINFO
SIGTRAP: [libjvm.dylib+0xa7bdc0], sa_mask[0]=11100110000111110111111111111111, sa_flags=SA_RESTART|SA_SIGINFO


---------------  S Y S T E M  ---------------

OS:uname: Darwin 17.7.0 Darwin Kernel Version 17.7.0: Mon Aug 31 22:11:23 PDT 2020; root:xnu-4570.71.82.6~1/RELEASE_X86_64 x86_64
OS uptime: 59 days 15:21 hours
rlimit (soft/hard): STACK 8192k/65532k , CORE 0k/infinity , NPROC 709/1064 , NOFILE 10240/10240 , AS infinity/infinity , CPU infinity/infinity , DATA infinity/infinity , FSIZE infinity/infinity , MEMLOCK infinity/infinity , RSS infinity/infinity
load average: 5.86 5.75 5.43

CPU: total 4 (initial active 4) (2 cores per cpu, 2 threads per core) family 6 model 142 stepping 9 microcode 0xd6, cx8, cmov, fxsr, ht, mmx, 3dnowpref, sse, sse2, sse3, ssse3, sse4.1, sse4.2, popcnt, lzcnt, tsc, tscinvbit, avx, avx2, aes, erms, clmul, bmi1, bmi2, rtm, adx, fma, vzeroupper, clflush, clflushopt

Memory: 4k page, physical 8388608k(384140k free), swap 3145728k(1575168k free)

vm_info: Java HotSpot(TM) 64-Bit Server VM (16.0.2+7-67) for bsd-amd64 JRE (16.0.2+7-67), built on Jun  8 2021 22:22:46 by "mach5one" with clang 4.2.1 Compatible Apple LLVM 11.0.0 (clang-1100.0.33.17)

END.
